# JRE version: Java(TM) SE Runtime Environment (8.0_144-b01) (build 1.8.0_144-b01)
# Java VM: Java HotSpot(TM) 64-Bit Server VM (25.144-b01 mixed mode windows-amd64 compressed oops)
Heap:
 PSYoungGen      total 64000K, used 18573K [0x00000000d5e00000, 0x00000000dad00000, 0x0000000100000000)
  eden space 59392K, 24% used [0x00000000d5e00000,0x00000000d6c068f0,0x00000000d9800000)
  from space 4608K, 91% used [0x00000000da880000,0x00000000dac9cee0,0x00000000dad00000)
  to   space 10240K, 0% used [0x00000000d9900000,0x00000000d9900000,0x00000000da300000)
 ParOldGen       total 53760K, used 10097K [0x0000000081a00000, 0x0000000084e80000, 0x00000000d5e00000)
  object space 53760K, 18% used [0x0000000081a00000,0x00000000823dc6e0,0x0000000084e80000)
 Metaspace       used 28204K, capacity 29338K, committed 29436K, reserved 1075200K
  class space    used 3998K, capacity 4278K, committed 4348K, reserved 1048576K
GC Heap History (10 events):
Event: 2.430 GC heap before
{Heap before GC invocations=3 (full 0):
 PSYoungGen      total 38400K, used 38396K [0x00000000d5e00000, 0x00000000d8880000, 0x0000000100000000)
  eden space 33280K, 100% used [0x00000000d5e00000,0x00000000d7e80000,0x00000000d7e80000)
  from space 5120K, 99% used [0x00000000d8380000,0x00000000d887f150,0x00000000d8880000)
  to   space 5120K, 0% used [0x00000000d7e80000,0x00000000d7e80000,0x00000000d8380000)
 ParOldGen       total 87552K, used 1935K [0x0000000081a00000, 0x0000000086f80000, 0x00000000d5e00000)
  object space 87552K, 2% used [0x0000000081a00000,0x0000000081be3fb8,0x0000000086f80000)
 Metaspace       used 17782K, capacity 18202K, committed 18432K, reserved 1064960K
  class space    used 2319K, capacity 2471K, committed 2560K, reserved 1048576K
Event: 2.437 GC heap after
Heap after GC invocations=3 (full 0):
 PSYoungGen      total 38400K, used 5116K [0x00000000d5e00000, 0x00000000d8880000, 0x0000000100000000)
  eden space 33280K, 0% used [0x00000000d5e00000,0x00000000d5e00000,0x00000000d7e80000)
  from space 5120K, 99% used [0x00000000d7e80000,0x00000000d837f150,0x00000000d8380000)
  to   space 5120K, 0% used [0x00000000d8380000,0x00000000d8380000,0x00000000d8880000)
 ParOldGen       total 87552K, used 3919K [0x0000000081a00000, 0x0000000086f80000, 0x00000000d5e00000)
  object space 87552K, 4% used [0x0000000081a00000,0x0000000081dd3cd0,0x0000000086f80000)
 Metaspace       used 17782K, capacity 18202K, committed 18432K, reserved 1064960K
  class space    used 2319K, capacity 2471K, committed 2560K, reserved 1048576K
}
Event: 2.659 GC heap before
{Heap before GC invocations=4 (full 0):
 PSYoungGen      total 38400K, used 29714K [0x00000000d5e00000, 0x00000000d8880000, 0x0000000100000000)
  eden space 33280K, 73% used [0x00000000d5e00000,0x00000000d7605770,0x00000000d7e80000)
  from space 5120K, 99% used [0x00000000d7e80000,0x00000000d837f150,0x00000000d8380000)
  to   space 5120K, 0% used [0x00000000d8380000,0x00000000d8380000,0x00000000d8880000)
 ParOldGen       total 87552K, used 3919K [0x0000000081a00000, 0x0000000086f80000, 0x00000000d5e00000)
  object space 87552K, 4% used [0x0000000081a00000,0x0000000081dd3cd0,0x0000000086f80000)
 Metaspace       used 20693K, capacity 21218K, committed 21504K, reserved 1069056K
  class space    used 2664K, capacity 2811K, committed 2816K, reserved 1048576K
Event: 2.666 GC heap after
Heap after GC invocations=4 (full 0):
 PSYoungGen      total 38400K, used 5100K [0x00000000d5e00000, 0x00000000da900000, 0x0000000100000000)
  eden space 33280K, 0% used [0x00000000d5e00000,0x00000000d5e00000,0x00000000d7e80000)
  from space 5120K, 99% used [0x00000000d8380000,0x00000000d887b160,0x00000000d8880000)
  to   space 5120K, 0% used [0x00000000d7e80000,0x00000000d7e80000,0x00000000d8380000)
 ParOldGen       total 87552K, used 6321K [0x0000000081a00000, 0x0000000086f80000, 0x00000000d5e00000)
  object space 87552K, 7% used [0x0000000081a00000,0x000000008202c5a8,0x0000000086f80000)
 Metaspace       used 20693K, capacity 21218K, committed 21504K, reserved 1069056K
  class space    used 2664K, capacity 2811K, committed 2816K, reserved 1048576K
}
Event: 2.686 GC heap before
{Heap before GC invocations=5 (full 0):
 PSYoungGen      total 38400K, used 10313K [0x00000000d5e00000, 0x00000000da900000, 0x0000000100000000)
  eden space 33280K, 15% used [0x00000000d5e00000,0x00000000d6317348,0x00000000d7e80000)
  from space 5120K, 99% used [0x00000000d8380000,0x00000000d887b160,0x00000000d8880000)
  to   space 5120K, 0% used [0x00000000d7e80000,0x00000000d7e80000,0x00000000d8380000)
 ParOldGen       total 87552K, used 6321K [0x0000000081a00000, 0x0000000086f80000, 0x00000000d5e00000)
  object space 87552K, 7% used [0x0000000081a00000,0x000000008202c5a8,0x0000000086f80000)
 Metaspace       used 20867K, capacity 21382K, committed 21628K, reserved 1069056K
  class space    used 2685K, capacity 2843K, committed 2940K, reserved 1048576K
Event: 2.692 GC heap after
Heap after GC invocations=5 (full 0):
 PSYoungGen      total 38400K, used 5116K [0x00000000d5e00000, 0x00000000db200000, 0x0000000100000000)
  eden space 33280K, 0% used [0x00000000d5e00000,0x00000000d5e00000,0x00000000d7e80000)
  from space 5120K, 99% used [0x00000000d7e80000,0x00000000d837f170,0x00000000d8380000)
  to   space 9728K, 0% used [0x00000000da880000,0x00000000da880000,0x00000000db200000)
 ParOldGen       total 87552K, used 9329K [0x0000000081a00000, 0x0000000086f80000, 0x00000000d5e00000)
  object space 87552K, 10% used [0x0000000081a00000,0x000000008231c500,0x0000000086f80000)
 Metaspace       used 20867K, capacity 21382K, committed 21628K, reserved 1069056K
  class space    used 2685K, capacity 2843K, committed 2940K, reserved 1048576K
}
Event: 2.692 GC heap before
{Heap before GC invocations=6 (full 1):
 PSYoungGen      total 38400K, used 5116K [0x00000000d5e00000, 0x00000000db200000, 0x0000000100000000)
  eden space 33280K, 0% used [0x00000000d5e00000,0x00000000d5e00000,0x00000000d7e80000)
  from space 5120K, 99% used [0x00000000d7e80000,0x00000000d837f170,0x00000000d8380000)
  to   space 9728K, 0% used [0x00000000da880000,0x00000000da880000,0x00000000db200000)
 ParOldGen       total 87552K, used 9329K [0x0000000081a00000, 0x0000000086f80000, 0x00000000d5e00000)
  object space 87552K, 10% used [0x0000000081a00000,0x000000008231c500,0x0000000086f80000)
 Metaspace       used 20867K, capacity 21382K, committed 21628K, reserved 1069056K
  class space    used 2685K, capacity 2843K, committed 2940K, reserved 1048576K
Event: 2.730 GC heap after
Heap after GC invocations=6 (full 1):
 PSYoungGen      total 38400K, used 0K [0x00000000d5e00000, 0x00000000db200000, 0x0000000100000000)
  eden space 33280K, 0% used [0x00000000d5e00000,0x00000000d5e00000,0x00000000d7e80000)
  from space 5120K, 0% used [0x00000000d7e80000,0x00000000d7e80000,0x00000000d8380000)
  to   space 9728K, 0% used [0x00000000da880000,0x00000000da880000,0x00000000db200000)
 ParOldGen       total 53760K, used 10025K [0x0000000081a00000, 0x0000000084e80000, 0x00000000d5e00000)
  object space 53760K, 18% used [0x0000000081a00000,0x00000000823ca6d0,0x0000000084e80000)
 Metaspace       used 20867K, capacity 21382K, committed 21628K, reserved 1069056K
  class space    used 2685K, capacity 2843K, committed 2940K, reserved 1048576K
}
Event: 3.314 GC heap before
{Heap before GC invocations=7 (full 1):
 PSYoungGen      total 38400K, used 33280K [0x00000000d5e00000, 0x00000000db200000, 0x0000000100000000)
  eden space 33280K, 100% used [0x00000000d5e00000,0x00000000d7e80000,0x00000000d7e80000)
  from space 5120K, 0% used [0x00000000d7e80000,0x00000000d7e80000,0x00000000d8380000)
  to   space 9728K, 0% used [0x00000000da880000,0x00000000da880000,0x00000000db200000)
 ParOldGen       total 53760K, used 10025K [0x0000000081a00000, 0x0000000084e80000, 0x00000000d5e00000)
  object space 53760K, 18% used [0x0000000081a00000,0x00000000823ca6d0,0x0000000084e80000)
 Metaspace       used 27443K, capacity 28350K, committed 28412K, reserved 1073152K
  class space    used 3860K, capacity 4076K, committed 4092K, reserved 1048576K
Event: 3.320 GC heap after
Heap after GC invocations=7 (full 1):
 PSYoungGen      total 64000K, used 4211K [0x00000000d5e00000, 0x00000000dad00000, 0x0000000100000000)
  eden space 59392K, 0% used [0x00000000d5e00000,0x00000000d5e00000,0x00000000d9800000)
  from space 4608K, 91% used [0x00000000da880000,0x00000000dac9cee0,0x00000000dad00000)
  to   space 10240K, 0% used [0x00000000d9900000,0x00000000d9900000,0x00000000da300000)
 ParOldGen       total 53760K, used 10097K [0x0000000081a00000, 0x0000000084e80000, 0x00000000d5e00000)
  object space 53760K, 18% used [0x0000000081a00000,0x00000000823dc6e0,0x0000000084e80000)
 Metaspace       used 27443K, capacity 28350K, committed 28412K, reserved 1073152K
  class space    used 3860K, capacity 4076K, committed 4092K, reserved 1048576K
}

